Determining if the pthread_create exist failed with the following output:
Change Dir: /home/workspace/CppND-Route-Planning-Project/cmake/CMakeFiles/CMakeTmp

Run Build Command:"/usr/bin/make" "cmTC_09e3c/fast"
/usr/bin/make -f CMakeFiles/cmTC_09e3c.dir/build.make CMakeFiles/cmTC_09e3c.dir/build
make[1]: Entering directory '/workspace/home/CppND-Route-Planning-Project/cmake/CMakeFiles/CMakeTmp'
Building C object CMakeFiles/cmTC_09e3c.dir/CheckSymbolExists.c.o
/usr/bin/cc    -o CMakeFiles/cmTC_09e3c.dir/CheckSymbolExists.c.o   -c /home/workspace/CppND-Route-Planning-Project/cmake/CMakeFiles/CMakeTmp/CheckSymbolExists.c
Linking C executable cmTC_09e3c
/usr/local/bin/cmake -E cmake_link_script CMakeFiles/cmTC_09e3c.dir/link.txt --verbose=1
/usr/bin/cc      -rdynamic CMakeFiles/cmTC_09e3c.dir/CheckSymbolExists.c.o  -o cmTC_09e3c 
CMakeFiles/cmTC_09e3c.dir/CheckSymbolExists.c.o: In function `main':
CheckSymbolExists.c:(.text+0x16): undefined reference to `pthread_create'
collect2: error: ld returned 1 exit status
CMakeFiles/cmTC_09e3c.dir/build.make:86: recipe for target 'cmTC_09e3c' failed
make[1]: *** [cmTC_09e3c] Error 1
make[1]: Leaving directory '/workspace/home/CppND-Route-Planning-Project/cmake/CMakeFiles/CMakeTmp'
Makefile:121: recipe for target 'cmTC_09e3c/fast' failed
make: *** [cmTC_09e3c/fast] Error 2

File /home/workspace/CppND-Route-Planning-Project/cmake/CMakeFiles/CMakeTmp/CheckSymbolExists.c:
/* */
#include <pthread.h>

int main(int argc, char** argv)
{
  (void)argv;
#ifndef pthread_create
  return ((int*)(&pthread_create))[argc];
#else
  (void)argc;
  return 0;
#endif
}

Determining if the function pthread_create exists in the pthreads failed with the following output:
Change Dir: /home/workspace/CppND-Route-Planning-Project/cmake/CMakeFiles/CMakeTmp

Run Build Command:"/usr/bin/make" "cmTC_3a3ab/fast"
/usr/bin/make -f CMakeFiles/cmTC_3a3ab.dir/build.make CMakeFiles/cmTC_3a3ab.dir/build
make[1]: Entering directory '/workspace/home/CppND-Route-Planning-Project/cmake/CMakeFiles/CMakeTmp'
Building C object CMakeFiles/cmTC_3a3ab.dir/CheckFunctionExists.c.o
/usr/bin/cc   -DCHECK_FUNCTION_EXISTS=pthread_create   -o CMakeFiles/cmTC_3a3ab.dir/CheckFunctionExists.c.o   -c /usr/local/share/cmake-3.13/Modules/CheckFunctionExists.c
Linking C executable cmTC_3a3ab
/usr/local/bin/cmake -E cmake_link_script CMakeFiles/cmTC_3a3ab.dir/link.txt --verbose=1
/usr/bin/cc  -DCHECK_FUNCTION_EXISTS=pthread_create    -rdynamic CMakeFiles/cmTC_3a3ab.dir/CheckFunctionExists.c.o  -o cmTC_3a3ab -lpthreads 
/usr/bin/ld: cannot find -lpthreads
collect2: error: ld returned 1 exit status
CMakeFiles/cmTC_3a3ab.dir/build.make:86: recipe for target 'cmTC_3a3ab' failed
make[1]: *** [cmTC_3a3ab] Error 1
make[1]: Leaving directory '/workspace/home/CppND-Route-Planning-Project/cmake/CMakeFiles/CMakeTmp'
Makefile:121: recipe for target 'cmTC_3a3ab/fast' failed
make: *** [cmTC_3a3ab/fast] Error 2


